<?xml version="1.0" encoding="UTF-8"?>
<!-- Generated by org.testng.reporters.JUnitReportReporter -->
<testsuite skipped="0" hostname="LAPTOP-SKAQSRMP" name="com.api.tests.APITest" tests="1" failures="0" timestamp="04 May 2019 09:00:07 GMT" time="5.977" errors="0">
  <testcase name="Post" time="5.977" classname="com.api.tests.APITest"/>
</testsuite> <!-- com.api.tests.APITest -->
